[2022-12-05T10:50:27.524+0000] {taskinstance.py:1165} INFO - Dependencies all met for <TaskInstance: dag_for_yahoo_data.vis_data scheduled__2022-12-02T23:44:27.290102+00:00 [queued]>
[2022-12-05T10:50:28.029+0000] {taskinstance.py:1165} INFO - Dependencies all met for <TaskInstance: dag_for_yahoo_data.vis_data scheduled__2022-12-02T23:44:27.290102+00:00 [queued]>
[2022-12-05T10:50:28.034+0000] {taskinstance.py:1362} INFO - 
--------------------------------------------------------------------------------
[2022-12-05T10:50:28.053+0000] {taskinstance.py:1363} INFO - Starting attempt 1 of 2
[2022-12-05T10:50:28.056+0000] {taskinstance.py:1364} INFO - 
--------------------------------------------------------------------------------
[2022-12-05T10:50:28.621+0000] {taskinstance.py:1383} INFO - Executing <Task(PythonOperator): vis_data> on 2022-12-02 23:44:27.290102+00:00
[2022-12-05T10:50:28.730+0000] {standard_task_runner.py:55} INFO - Started process 103 to run task
[2022-12-05T10:50:28.809+0000] {standard_task_runner.py:82} INFO - Running: ['***', 'tasks', 'run', 'dag_for_yahoo_data', 'vis_data', 'scheduled__2022-12-02T23:44:27.290102+00:00', '--job-id', '30', '--raw', '--subdir', 'DAGS_FOLDER/ourDag.py', '--cfg-path', '/tmp/tmpxolocqex']
[2022-12-05T10:50:28.827+0000] {standard_task_runner.py:83} INFO - Job 30: Subtask vis_data
[2022-12-05T10:50:30.076+0000] {task_command.py:376} INFO - Running <TaskInstance: dag_for_yahoo_data.vis_data scheduled__2022-12-02T23:44:27.290102+00:00 [running]> on host f05c9ee773ab
[2022-12-05T10:50:31.323+0000] {taskinstance.py:1592} INFO - Exporting the following env vars:
AIRFLOW_CTX_DAG_OWNER=ENSAJ
AIRFLOW_CTX_DAG_ID=dag_for_yahoo_data
AIRFLOW_CTX_TASK_ID=vis_data
AIRFLOW_CTX_EXECUTION_DATE=2022-12-02T23:44:27.290102+00:00
AIRFLOW_CTX_TRY_NUMBER=1
AIRFLOW_CTX_DAG_RUN_ID=scheduled__2022-12-02T23:44:27.290102+00:00
[2022-12-05T10:50:31.324+0000] {logging_mixin.py:137} INFO - Task for visualizing data
[2022-12-05T10:50:31.327+0000] {python.py:177} INFO - Done. Returned value was: None
[2022-12-05T10:50:31.396+0000] {taskinstance.py:1406} INFO - Marking task as SUCCESS. dag_id=dag_for_yahoo_data, task_id=vis_data, execution_date=20221202T234427, start_date=20221205T105027, end_date=20221205T105031
[2022-12-05T10:50:31.585+0000] {local_task_job.py:159} INFO - Task exited with return code 0
[2022-12-05T10:50:32.557+0000] {taskinstance.py:2623} INFO - 0 downstream tasks scheduled from follow-on schedule check
