[2022-12-06T21:25:28.465+0000] {taskinstance.py:1165} INFO - Dependencies all met for <TaskInstance: dag_for_yahoo_data.vis_data manual__2022-12-06T21:24:54.604487+00:00 [queued]>
[2022-12-06T21:25:28.499+0000] {taskinstance.py:1165} INFO - Dependencies all met for <TaskInstance: dag_for_yahoo_data.vis_data manual__2022-12-06T21:24:54.604487+00:00 [queued]>
[2022-12-06T21:25:28.501+0000] {taskinstance.py:1362} INFO - 
--------------------------------------------------------------------------------
[2022-12-06T21:25:28.503+0000] {taskinstance.py:1363} INFO - Starting attempt 1 of 2
[2022-12-06T21:25:28.504+0000] {taskinstance.py:1364} INFO - 
--------------------------------------------------------------------------------
[2022-12-06T21:25:28.545+0000] {taskinstance.py:1383} INFO - Executing <Task(PythonOperator): vis_data> on 2022-12-06 21:24:54.604487+00:00
[2022-12-06T21:25:28.554+0000] {standard_task_runner.py:55} INFO - Started process 240 to run task
[2022-12-06T21:25:28.559+0000] {standard_task_runner.py:82} INFO - Running: ['***', 'tasks', 'run', 'dag_for_yahoo_data', 'vis_data', 'manual__2022-12-06T21:24:54.604487+00:00', '--job-id', '44', '--raw', '--subdir', 'DAGS_FOLDER/ourDag.py', '--cfg-path', '/tmp/tmp56c8s8u2']
[2022-12-06T21:25:28.561+0000] {standard_task_runner.py:83} INFO - Job 44: Subtask vis_data
[2022-12-06T21:25:28.698+0000] {task_command.py:376} INFO - Running <TaskInstance: dag_for_yahoo_data.vis_data manual__2022-12-06T21:24:54.604487+00:00 [running]> on host f05c9ee773ab
[2022-12-06T21:25:28.963+0000] {taskinstance.py:1592} INFO - Exporting the following env vars:
AIRFLOW_CTX_DAG_OWNER=***
AIRFLOW_CTX_DAG_ID=dag_for_yahoo_data
AIRFLOW_CTX_TASK_ID=vis_data
AIRFLOW_CTX_EXECUTION_DATE=2022-12-06T21:24:54.604487+00:00
AIRFLOW_CTX_TRY_NUMBER=1
AIRFLOW_CTX_DAG_RUN_ID=manual__2022-12-06T21:24:54.604487+00:00
[2022-12-06T21:25:28.966+0000] {logging_mixin.py:137} INFO - Task for visualizing data
[2022-12-06T21:25:28.967+0000] {python.py:177} INFO - Done. Returned value was: None
[2022-12-06T21:25:29.042+0000] {taskinstance.py:1406} INFO - Marking task as SUCCESS. dag_id=dag_for_yahoo_data, task_id=vis_data, execution_date=20221206T212454, start_date=20221206T212528, end_date=20221206T212529
[2022-12-06T21:25:29.139+0000] {local_task_job.py:159} INFO - Task exited with return code 0
[2022-12-06T21:25:29.186+0000] {taskinstance.py:2623} INFO - 0 downstream tasks scheduled from follow-on schedule check
