[2022-12-05T10:50:21.000+0000] {taskinstance.py:1165} INFO - Dependencies all met for <TaskInstance: dag_for_yahoo_data.load_data scheduled__2022-12-02T23:44:27.290102+00:00 [queued]>
[2022-12-05T10:50:21.079+0000] {taskinstance.py:1165} INFO - Dependencies all met for <TaskInstance: dag_for_yahoo_data.load_data scheduled__2022-12-02T23:44:27.290102+00:00 [queued]>
[2022-12-05T10:50:21.087+0000] {taskinstance.py:1362} INFO - 
--------------------------------------------------------------------------------
[2022-12-05T10:50:21.088+0000] {taskinstance.py:1363} INFO - Starting attempt 1 of 2
[2022-12-05T10:50:21.089+0000] {taskinstance.py:1364} INFO - 
--------------------------------------------------------------------------------
[2022-12-05T10:50:21.293+0000] {taskinstance.py:1383} INFO - Executing <Task(PythonOperator): load_data> on 2022-12-02 23:44:27.290102+00:00
[2022-12-05T10:50:21.352+0000] {standard_task_runner.py:55} INFO - Started process 99 to run task
[2022-12-05T10:50:21.419+0000] {standard_task_runner.py:82} INFO - Running: ['***', 'tasks', 'run', 'dag_for_yahoo_data', 'load_data', 'scheduled__2022-12-02T23:44:27.290102+00:00', '--job-id', '29', '--raw', '--subdir', 'DAGS_FOLDER/ourDag.py', '--cfg-path', '/tmp/tmpk69pg4w6']
[2022-12-05T10:50:21.431+0000] {standard_task_runner.py:83} INFO - Job 29: Subtask load_data
[2022-12-05T10:50:22.115+0000] {task_command.py:376} INFO - Running <TaskInstance: dag_for_yahoo_data.load_data scheduled__2022-12-02T23:44:27.290102+00:00 [running]> on host f05c9ee773ab
[2022-12-05T10:50:22.978+0000] {taskinstance.py:1592} INFO - Exporting the following env vars:
AIRFLOW_CTX_DAG_OWNER=ENSAJ
AIRFLOW_CTX_DAG_ID=dag_for_yahoo_data
AIRFLOW_CTX_TASK_ID=load_data
AIRFLOW_CTX_EXECUTION_DATE=2022-12-02T23:44:27.290102+00:00
AIRFLOW_CTX_TRY_NUMBER=1
AIRFLOW_CTX_DAG_RUN_ID=scheduled__2022-12-02T23:44:27.290102+00:00
[2022-12-05T10:50:22.980+0000] {logging_mixin.py:137} INFO - Task for loading data in hive
[2022-12-05T10:50:22.997+0000] {python.py:177} INFO - Done. Returned value was: None
[2022-12-05T10:50:23.039+0000] {taskinstance.py:1406} INFO - Marking task as SUCCESS. dag_id=dag_for_yahoo_data, task_id=load_data, execution_date=20221202T234427, start_date=20221205T105021, end_date=20221205T105023
[2022-12-05T10:50:23.137+0000] {local_task_job.py:159} INFO - Task exited with return code 0
[2022-12-05T10:50:23.310+0000] {taskinstance.py:2623} INFO - 0 downstream tasks scheduled from follow-on schedule check
