[2022-12-02T22:15:06.411+0000] {taskinstance.py:1165} INFO - Dependencies all met for <TaskInstance: dag_for_yahoo_data.transform_data manual__2022-12-02T22:14:45.942621+00:00 [queued]>
[2022-12-02T22:15:06.496+0000] {taskinstance.py:1165} INFO - Dependencies all met for <TaskInstance: dag_for_yahoo_data.transform_data manual__2022-12-02T22:14:45.942621+00:00 [queued]>
[2022-12-02T22:15:06.497+0000] {taskinstance.py:1362} INFO - 
--------------------------------------------------------------------------------
[2022-12-02T22:15:06.498+0000] {taskinstance.py:1363} INFO - Starting attempt 1 of 2
[2022-12-02T22:15:06.499+0000] {taskinstance.py:1364} INFO - 
--------------------------------------------------------------------------------
[2022-12-02T22:15:06.603+0000] {taskinstance.py:1383} INFO - Executing <Task(PythonOperator): transform_data> on 2022-12-02 22:14:45.942621+00:00
[2022-12-02T22:15:06.617+0000] {standard_task_runner.py:55} INFO - Started process 3172 to run task
[2022-12-02T22:15:06.634+0000] {standard_task_runner.py:82} INFO - Running: ['***', 'tasks', 'run', 'dag_for_yahoo_data', 'transform_data', 'manual__2022-12-02T22:14:45.942621+00:00', '--job-id', '22', '--raw', '--subdir', 'DAGS_FOLDER/ourDag.py', '--cfg-path', '/tmp/tmpeaf2wqpj']
[2022-12-02T22:15:06.648+0000] {standard_task_runner.py:83} INFO - Job 22: Subtask transform_data
[2022-12-02T22:15:07.015+0000] {task_command.py:376} INFO - Running <TaskInstance: dag_for_yahoo_data.transform_data manual__2022-12-02T22:14:45.942621+00:00 [running]> on host f05c9ee773ab
[2022-12-02T22:15:07.747+0000] {taskinstance.py:1592} INFO - Exporting the following env vars:
AIRFLOW_CTX_DAG_OWNER=ENSAJ
AIRFLOW_CTX_DAG_ID=dag_for_yahoo_data
AIRFLOW_CTX_TASK_ID=transform_data
AIRFLOW_CTX_EXECUTION_DATE=2022-12-02T22:14:45.942621+00:00
AIRFLOW_CTX_TRY_NUMBER=1
AIRFLOW_CTX_DAG_RUN_ID=manual__2022-12-02T22:14:45.942621+00:00
[2022-12-02T22:15:07.757+0000] {logging_mixin.py:137} INFO - Task for transforming data
[2022-12-02T22:15:07.758+0000] {python.py:177} INFO - Done. Returned value was: None
[2022-12-02T22:15:07.794+0000] {taskinstance.py:1406} INFO - Marking task as SUCCESS. dag_id=dag_for_yahoo_data, task_id=transform_data, execution_date=20221202T221445, start_date=20221202T221506, end_date=20221202T221507
[2022-12-02T22:15:07.908+0000] {local_task_job.py:159} INFO - Task exited with return code 0
[2022-12-02T22:15:08.046+0000] {taskinstance.py:2623} INFO - 1 downstream tasks scheduled from follow-on schedule check
