[2022-12-02T22:14:54.780+0000] {taskinstance.py:1165} INFO - Dependencies all met for <TaskInstance: dag_for_yahoo_data.extract_data manual__2022-12-02T22:14:45.942621+00:00 [queued]>
[2022-12-02T22:14:54.836+0000] {taskinstance.py:1165} INFO - Dependencies all met for <TaskInstance: dag_for_yahoo_data.extract_data manual__2022-12-02T22:14:45.942621+00:00 [queued]>
[2022-12-02T22:14:54.836+0000] {taskinstance.py:1362} INFO - 
--------------------------------------------------------------------------------
[2022-12-02T22:14:54.840+0000] {taskinstance.py:1363} INFO - Starting attempt 1 of 2
[2022-12-02T22:14:54.841+0000] {taskinstance.py:1364} INFO - 
--------------------------------------------------------------------------------
[2022-12-02T22:14:54.892+0000] {taskinstance.py:1383} INFO - Executing <Task(PythonOperator): extract_data> on 2022-12-02 22:14:45.942621+00:00
[2022-12-02T22:14:54.904+0000] {standard_task_runner.py:55} INFO - Started process 3162 to run task
[2022-12-02T22:14:54.911+0000] {standard_task_runner.py:82} INFO - Running: ['***', 'tasks', 'run', 'dag_for_yahoo_data', 'extract_data', 'manual__2022-12-02T22:14:45.942621+00:00', '--job-id', '21', '--raw', '--subdir', 'DAGS_FOLDER/ourDag.py', '--cfg-path', '/tmp/tmpa0c31x40']
[2022-12-02T22:14:54.912+0000] {standard_task_runner.py:83} INFO - Job 21: Subtask extract_data
[2022-12-02T22:14:55.109+0000] {task_command.py:376} INFO - Running <TaskInstance: dag_for_yahoo_data.extract_data manual__2022-12-02T22:14:45.942621+00:00 [running]> on host f05c9ee773ab
[2022-12-02T22:14:56.031+0000] {taskinstance.py:1592} INFO - Exporting the following env vars:
AIRFLOW_CTX_DAG_OWNER=ENSAJ
AIRFLOW_CTX_DAG_ID=dag_for_yahoo_data
AIRFLOW_CTX_TASK_ID=extract_data
AIRFLOW_CTX_EXECUTION_DATE=2022-12-02T22:14:45.942621+00:00
AIRFLOW_CTX_TRY_NUMBER=1
AIRFLOW_CTX_DAG_RUN_ID=manual__2022-12-02T22:14:45.942621+00:00
[2022-12-02T22:14:56.040+0000] {logging_mixin.py:137} INFO - Task for extracting data from yahoo
[2022-12-02T22:14:56.058+0000] {python.py:177} INFO - Done. Returned value was: None
[2022-12-02T22:14:56.182+0000] {taskinstance.py:1406} INFO - Marking task as SUCCESS. dag_id=dag_for_yahoo_data, task_id=extract_data, execution_date=20221202T221445, start_date=20221202T221454, end_date=20221202T221456
[2022-12-02T22:14:56.509+0000] {local_task_job.py:159} INFO - Task exited with return code 0
[2022-12-02T22:14:56.992+0000] {taskinstance.py:2623} INFO - 0 downstream tasks scheduled from follow-on schedule check
