[2022-12-02T22:15:10.197+0000] {taskinstance.py:1165} INFO - Dependencies all met for <TaskInstance: dag_for_yahoo_data.load_data manual__2022-12-02T22:14:45.942621+00:00 [queued]>
[2022-12-02T22:15:10.232+0000] {taskinstance.py:1165} INFO - Dependencies all met for <TaskInstance: dag_for_yahoo_data.load_data manual__2022-12-02T22:14:45.942621+00:00 [queued]>
[2022-12-02T22:15:10.246+0000] {taskinstance.py:1362} INFO - 
--------------------------------------------------------------------------------
[2022-12-02T22:15:10.249+0000] {taskinstance.py:1363} INFO - Starting attempt 1 of 2
[2022-12-02T22:15:10.258+0000] {taskinstance.py:1364} INFO - 
--------------------------------------------------------------------------------
[2022-12-02T22:15:10.373+0000] {taskinstance.py:1383} INFO - Executing <Task(PythonOperator): load_data> on 2022-12-02 22:14:45.942621+00:00
[2022-12-02T22:15:10.416+0000] {standard_task_runner.py:82} INFO - Running: ['***', 'tasks', 'run', 'dag_for_yahoo_data', 'load_data', 'manual__2022-12-02T22:14:45.942621+00:00', '--job-id', '23', '--raw', '--subdir', 'DAGS_FOLDER/ourDag.py', '--cfg-path', '/tmp/tmpmg103_an']
[2022-12-02T22:15:10.405+0000] {standard_task_runner.py:55} INFO - Started process 3174 to run task
[2022-12-02T22:15:10.417+0000] {standard_task_runner.py:83} INFO - Job 23: Subtask load_data
[2022-12-02T22:15:10.893+0000] {task_command.py:376} INFO - Running <TaskInstance: dag_for_yahoo_data.load_data manual__2022-12-02T22:14:45.942621+00:00 [running]> on host f05c9ee773ab
[2022-12-02T22:15:11.685+0000] {taskinstance.py:1592} INFO - Exporting the following env vars:
AIRFLOW_CTX_DAG_OWNER=ENSAJ
AIRFLOW_CTX_DAG_ID=dag_for_yahoo_data
AIRFLOW_CTX_TASK_ID=load_data
AIRFLOW_CTX_EXECUTION_DATE=2022-12-02T22:14:45.942621+00:00
AIRFLOW_CTX_TRY_NUMBER=1
AIRFLOW_CTX_DAG_RUN_ID=manual__2022-12-02T22:14:45.942621+00:00
[2022-12-02T22:15:11.702+0000] {logging_mixin.py:137} INFO - Task for loading data in hive
[2022-12-02T22:15:11.731+0000] {python.py:177} INFO - Done. Returned value was: None
[2022-12-02T22:15:11.808+0000] {taskinstance.py:1406} INFO - Marking task as SUCCESS. dag_id=dag_for_yahoo_data, task_id=load_data, execution_date=20221202T221445, start_date=20221202T221510, end_date=20221202T221511
[2022-12-02T22:15:11.924+0000] {local_task_job.py:159} INFO - Task exited with return code 0
[2022-12-02T22:15:12.035+0000] {taskinstance.py:2623} INFO - 1 downstream tasks scheduled from follow-on schedule check
