[2022-12-05T10:50:08.434+0000] {taskinstance.py:1165} INFO - Dependencies all met for <TaskInstance: dag_for_yahoo_data.extract_data scheduled__2022-12-02T23:44:27.290102+00:00 [queued]>
[2022-12-05T10:50:08.526+0000] {taskinstance.py:1165} INFO - Dependencies all met for <TaskInstance: dag_for_yahoo_data.extract_data scheduled__2022-12-02T23:44:27.290102+00:00 [queued]>
[2022-12-05T10:50:08.527+0000] {taskinstance.py:1362} INFO - 
--------------------------------------------------------------------------------
[2022-12-05T10:50:08.531+0000] {taskinstance.py:1363} INFO - Starting attempt 1 of 2
[2022-12-05T10:50:08.537+0000] {taskinstance.py:1364} INFO - 
--------------------------------------------------------------------------------
[2022-12-05T10:50:08.695+0000] {taskinstance.py:1383} INFO - Executing <Task(PythonOperator): extract_data> on 2022-12-02 23:44:27.290102+00:00
[2022-12-05T10:50:08.735+0000] {standard_task_runner.py:55} INFO - Started process 88 to run task
[2022-12-05T10:50:08.753+0000] {standard_task_runner.py:82} INFO - Running: ['***', 'tasks', 'run', 'dag_for_yahoo_data', 'extract_data', 'scheduled__2022-12-02T23:44:27.290102+00:00', '--job-id', '27', '--raw', '--subdir', 'DAGS_FOLDER/ourDag.py', '--cfg-path', '/tmp/tmpv318e9_o']
[2022-12-05T10:50:08.775+0000] {standard_task_runner.py:83} INFO - Job 27: Subtask extract_data
[2022-12-05T10:50:09.312+0000] {task_command.py:376} INFO - Running <TaskInstance: dag_for_yahoo_data.extract_data scheduled__2022-12-02T23:44:27.290102+00:00 [running]> on host f05c9ee773ab
[2022-12-05T10:50:09.880+0000] {taskinstance.py:1592} INFO - Exporting the following env vars:
AIRFLOW_CTX_DAG_OWNER=ENSAJ
AIRFLOW_CTX_DAG_ID=dag_for_yahoo_data
AIRFLOW_CTX_TASK_ID=extract_data
AIRFLOW_CTX_EXECUTION_DATE=2022-12-02T23:44:27.290102+00:00
AIRFLOW_CTX_TRY_NUMBER=1
AIRFLOW_CTX_DAG_RUN_ID=scheduled__2022-12-02T23:44:27.290102+00:00
[2022-12-05T10:50:09.883+0000] {logging_mixin.py:137} INFO - Task for extracting data from yahoo
[2022-12-05T10:50:09.891+0000] {python.py:177} INFO - Done. Returned value was: None
[2022-12-05T10:50:09.939+0000] {taskinstance.py:1406} INFO - Marking task as SUCCESS. dag_id=dag_for_yahoo_data, task_id=extract_data, execution_date=20221202T234427, start_date=20221205T105008, end_date=20221205T105009
[2022-12-05T10:50:10.039+0000] {local_task_job.py:159} INFO - Task exited with return code 0
[2022-12-05T10:50:10.143+0000] {taskinstance.py:2623} INFO - 1 downstream tasks scheduled from follow-on schedule check
