[2022-12-06T21:25:16.129+0000] {taskinstance.py:1165} INFO - Dependencies all met for <TaskInstance: dag_for_yahoo_data.extract_data manual__2022-12-06T21:24:54.604487+00:00 [queued]>
[2022-12-06T21:25:16.184+0000] {taskinstance.py:1165} INFO - Dependencies all met for <TaskInstance: dag_for_yahoo_data.extract_data manual__2022-12-06T21:24:54.604487+00:00 [queued]>
[2022-12-06T21:25:16.190+0000] {taskinstance.py:1362} INFO - 
--------------------------------------------------------------------------------
[2022-12-06T21:25:16.197+0000] {taskinstance.py:1363} INFO - Starting attempt 1 of 2
[2022-12-06T21:25:16.198+0000] {taskinstance.py:1364} INFO - 
--------------------------------------------------------------------------------
[2022-12-06T21:25:16.330+0000] {taskinstance.py:1383} INFO - Executing <Task(PythonOperator): extract_data> on 2022-12-06 21:24:54.604487+00:00
[2022-12-06T21:25:16.356+0000] {standard_task_runner.py:55} INFO - Started process 225 to run task
[2022-12-06T21:25:16.380+0000] {standard_task_runner.py:82} INFO - Running: ['***', 'tasks', 'run', 'dag_for_yahoo_data', 'extract_data', 'manual__2022-12-06T21:24:54.604487+00:00', '--job-id', '41', '--raw', '--subdir', 'DAGS_FOLDER/ourDag.py', '--cfg-path', '/tmp/tmpqo60j8m9']
[2022-12-06T21:25:16.390+0000] {standard_task_runner.py:83} INFO - Job 41: Subtask extract_data
[2022-12-06T21:25:16.742+0000] {task_command.py:376} INFO - Running <TaskInstance: dag_for_yahoo_data.extract_data manual__2022-12-06T21:24:54.604487+00:00 [running]> on host f05c9ee773ab
[2022-12-06T21:25:17.009+0000] {taskinstance.py:1592} INFO - Exporting the following env vars:
AIRFLOW_CTX_DAG_OWNER=***
AIRFLOW_CTX_DAG_ID=dag_for_yahoo_data
AIRFLOW_CTX_TASK_ID=extract_data
AIRFLOW_CTX_EXECUTION_DATE=2022-12-06T21:24:54.604487+00:00
AIRFLOW_CTX_TRY_NUMBER=1
AIRFLOW_CTX_DAG_RUN_ID=manual__2022-12-06T21:24:54.604487+00:00
[2022-12-06T21:25:17.011+0000] {logging_mixin.py:137} INFO - 1 Fetching stock prices and remove duplicates...
[2022-12-06T21:25:17.012+0000] {python.py:177} INFO - Done. Returned value was: None
[2022-12-06T21:25:17.029+0000] {taskinstance.py:1406} INFO - Marking task as SUCCESS. dag_id=dag_for_yahoo_data, task_id=extract_data, execution_date=20221206T212454, start_date=20221206T212516, end_date=20221206T212517
[2022-12-06T21:25:17.111+0000] {local_task_job.py:159} INFO - Task exited with return code 0
[2022-12-06T21:25:17.229+0000] {taskinstance.py:2623} INFO - 1 downstream tasks scheduled from follow-on schedule check
