[2022-12-06T21:25:19.105+0000] {taskinstance.py:1165} INFO - Dependencies all met for <TaskInstance: dag_for_yahoo_data.load_data manual__2022-12-06T21:24:54.604487+00:00 [queued]>
[2022-12-06T21:25:19.128+0000] {taskinstance.py:1165} INFO - Dependencies all met for <TaskInstance: dag_for_yahoo_data.load_data manual__2022-12-06T21:24:54.604487+00:00 [queued]>
[2022-12-06T21:25:19.129+0000] {taskinstance.py:1362} INFO - 
--------------------------------------------------------------------------------
[2022-12-06T21:25:19.131+0000] {taskinstance.py:1363} INFO - Starting attempt 1 of 2
[2022-12-06T21:25:19.131+0000] {taskinstance.py:1364} INFO - 
--------------------------------------------------------------------------------
[2022-12-06T21:25:19.182+0000] {taskinstance.py:1383} INFO - Executing <Task(PythonOperator): load_data> on 2022-12-06 21:24:54.604487+00:00
[2022-12-06T21:25:19.195+0000] {standard_task_runner.py:55} INFO - Started process 227 to run task
[2022-12-06T21:25:19.202+0000] {standard_task_runner.py:82} INFO - Running: ['***', 'tasks', 'run', 'dag_for_yahoo_data', 'load_data', 'manual__2022-12-06T21:24:54.604487+00:00', '--job-id', '42', '--raw', '--subdir', 'DAGS_FOLDER/ourDag.py', '--cfg-path', '/tmp/tmpvn2l6mg1']
[2022-12-06T21:25:19.203+0000] {standard_task_runner.py:83} INFO - Job 42: Subtask load_data
[2022-12-06T21:25:19.482+0000] {task_command.py:376} INFO - Running <TaskInstance: dag_for_yahoo_data.load_data manual__2022-12-06T21:24:54.604487+00:00 [running]> on host f05c9ee773ab
[2022-12-06T21:25:19.731+0000] {taskinstance.py:1592} INFO - Exporting the following env vars:
AIRFLOW_CTX_DAG_OWNER=***
AIRFLOW_CTX_DAG_ID=dag_for_yahoo_data
AIRFLOW_CTX_TASK_ID=load_data
AIRFLOW_CTX_EXECUTION_DATE=2022-12-06T21:24:54.604487+00:00
AIRFLOW_CTX_TRY_NUMBER=1
AIRFLOW_CTX_DAG_RUN_ID=manual__2022-12-06T21:24:54.604487+00:00
[2022-12-06T21:25:19.734+0000] {logging_mixin.py:137} INFO - Task for loading data in hive
[2022-12-06T21:25:19.735+0000] {python.py:177} INFO - Done. Returned value was: None
[2022-12-06T21:25:19.774+0000] {taskinstance.py:1406} INFO - Marking task as SUCCESS. dag_id=dag_for_yahoo_data, task_id=load_data, execution_date=20221206T212454, start_date=20221206T212519, end_date=20221206T212519
[2022-12-06T21:25:19.849+0000] {local_task_job.py:159} INFO - Task exited with return code 0
[2022-12-06T21:25:19.944+0000] {taskinstance.py:2623} INFO - 1 downstream tasks scheduled from follow-on schedule check
